<?xml version="1.0" encoding="UTF-8"?>
<!-- Generated by org.testng.reporters.JUnitXMLReporter -->
<testsuite hostname="junior" name="Command line test" tests="21" failures="0" timestamp="24 Oct 2011 22:21:51 GMT" time="0.051" errors="0">
  <testcase name="cardShouldBeParsedCorrectly" time="0.0090" classname="ua.pogodin.poker.CardTest"/>
  <testcase name="cardShouldBeParsedCorrectly" time="0.0" classname="ua.pogodin.poker.CardTest"/>
  <testcase name="cardShouldBeParsedCorrectly" time="0.0010" classname="ua.pogodin.poker.CardTest"/>
  <testcase name="cardShouldBeParsedCorrectly" time="0.0010" classname="ua.pogodin.poker.CardTest"/>
  <testcase name="cardShouldBeParsedCorrectly" time="0.0" classname="ua.pogodin.poker.CardTest"/>
  <testcase name="cardShouldBeParsedCorrectly" time="0.0010" classname="ua.pogodin.poker.CardTest"/>
  <testcase name="cardShouldBeParsedCorrectly" time="0.0" classname="ua.pogodin.poker.CardTest"/>
  <testcase name="cardShouldBeParsedCorrectly" time="0.0010" classname="ua.pogodin.poker.CardTest"/>
  <testcase name="cardShouldBeParsedCorrectly" time="0.0" classname="ua.pogodin.poker.CardTest"/>
  <testcase name="cardShouldBeParsedCorrectly" time="0.0" classname="ua.pogodin.poker.CardTest"/>
  <testcase name="shouldThrowExceptionOnIncorrectIncomeString" time="0.0020" classname="ua.pogodin.poker.CardTest">
    <skipped/>
  </testcase>
  <testcase name="shouldBeParsedWithoutException" time="0.0070" classname="ua.pogodin.poker.HandAndDeckTest"/>
  <testcase name="shouldBeParsedWithoutException" time="0.0010" classname="ua.pogodin.poker.HandAndDeckTest"/>
  <testcase name="shouldBeParsedWithoutException" time="0.0010" classname="ua.pogodin.poker.HandAndDeckTest"/>
  <testcase name="shouldBeParsedWithoutException" time="0.0" classname="ua.pogodin.poker.HandAndDeckTest"/>
  <testcase name="shouldBeParsedWithoutException" time="0.0" classname="ua.pogodin.poker.HandAndDeckTest"/>
  <testcase name="shouldBeParsedWithoutException" time="0.0010" classname="ua.pogodin.poker.HandAndDeckTest"/>
  <testcase name="shouldBeParsedWithoutException" time="0.0010" classname="ua.pogodin.poker.HandAndDeckTest"/>
  <testcase name="shouldBeParsedWithoutException" time="0.0" classname="ua.pogodin.poker.HandAndDeckTest"/>
  <testcase name="shouldBeParsedWithoutException" time="0.0010" classname="ua.pogodin.poker.HandAndDeckTest"/>
  <testcase name="shouldThrowExceptionOnIncorrectIncomeString" time="0.0010" classname="ua.pogodin.poker.HandAndDeckTest">
    <skipped/>
  </testcase>
</testsuite>
