<?xml version="1.0" encoding="UTF-8" ?>
<testsuite failures="0" time="0.54" errors="0" skipped="2" tests="21" name="TestSuite">
  <properties>
[...]
</properties>
  <testcase time="0.008" classname="ua.pogodin.poker.CardTest" name="cardShouldBeParsedCorrectly"/>
  <testcase time="0" classname="ua.pogodin.poker.CardTest" name="cardShouldBeParsedCorrectly"/>
  <testcase time="0.001" classname="ua.pogodin.poker.CardTest" name="cardShouldBeParsedCorrectly"/>
  <testcase time="0.001" classname="ua.pogodin.poker.CardTest" name="cardShouldBeParsedCorrectly"/>
  <testcase time="0" classname="ua.pogodin.poker.CardTest" name="cardShouldBeParsedCorrectly"/>
  <testcase time="0.001" classname="ua.pogodin.poker.CardTest" name="cardShouldBeParsedCorrectly"/>
  <testcase time="0" classname="ua.pogodin.poker.CardTest" name="cardShouldBeParsedCorrectly"/>
  <testcase time="0.001" classname="ua.pogodin.poker.CardTest" name="cardShouldBeParsedCorrectly"/>
  <testcase time="0" classname="ua.pogodin.poker.CardTest" name="cardShouldBeParsedCorrectly"/>
  <testcase time="0.001" classname="ua.pogodin.poker.CardTest" name="cardShouldBeParsedCorrectly"/>
  <testcase time="0.003" classname="ua.pogodin.poker.CardTest" name="shouldThrowExceptionOnIncorrectIncomeString">
    <skipped/>
  </testcase>
  <testcase time="0.007" classname="ua.pogodin.poker.HandAndDeckTest" name="shouldBeParsedWithoutException"/>
  <testcase time="0.001" classname="ua.pogodin.poker.HandAndDeckTest" name="shouldBeParsedWithoutException"/>
  <testcase time="0.001" classname="ua.pogodin.poker.HandAndDeckTest" name="shouldBeParsedWithoutException"/>
  <testcase time="0" classname="ua.pogodin.poker.HandAndDeckTest" name="shouldBeParsedWithoutException"/>
  <testcase time="0" classname="ua.pogodin.poker.HandAndDeckTest" name="shouldBeParsedWithoutException"/>
  <testcase time="0.001" classname="ua.pogodin.poker.HandAndDeckTest" name="shouldBeParsedWithoutException"/>
  <testcase time="0.001" classname="ua.pogodin.poker.HandAndDeckTest" name="shouldBeParsedWithoutException"/>
  <testcase time="0" classname="ua.pogodin.poker.HandAndDeckTest" name="shouldBeParsedWithoutException"/>
  <testcase time="0.001" classname="ua.pogodin.poker.HandAndDeckTest" name="shouldBeParsedWithoutException"/>
  <testcase time="0.002" classname="ua.pogodin.poker.HandAndDeckTest" name="shouldThrowExceptionOnIncorrectIncomeString">
    <skipped/>
  </testcase>
</testsuite>